mode: set
github.com/jeffotoni/gconcat/main.go:25.40,27.2 1 1
github.com/jeffotoni/gconcat/main.go:32.42,35.24 2 1
github.com/jeffotoni/gconcat/main.go:53.2,53.20 1 1
github.com/jeffotoni/gconcat/main.go:35.24,36.26 1 1
github.com/jeffotoni/gconcat/main.go:37.30,38.29 1 1
github.com/jeffotoni/gconcat/main.go:39.14,40.28 1 1
github.com/jeffotoni/gconcat/main.go:41.11,42.36 1 1
github.com/jeffotoni/gconcat/main.go:43.23,45.34 2 1
github.com/jeffotoni/gconcat/main.go:48.12,49.29 1 1
github.com/jeffotoni/gconcat/main.go:45.34,47.6 1 1
github.com/jeffotoni/gconcat/main.go:58.40,62.27 2 1
github.com/jeffotoni/gconcat/main.go:65.2,65.20 1 1
github.com/jeffotoni/gconcat/main.go:62.27,64.3 1 1
github.com/jeffotoni/gconcat/main.go:70.48,71.20 1 1
github.com/jeffotoni/gconcat/main.go:99.2,99.8 1 1
github.com/jeffotoni/gconcat/main.go:72.11,73.17 1 1
github.com/jeffotoni/gconcat/main.go:74.14,75.32 1 1
github.com/jeffotoni/gconcat/main.go:76.16,77.44 1 1
github.com/jeffotoni/gconcat/main.go:78.21,80.43 2 1
github.com/jeffotoni/gconcat/main.go:83.3,83.15 1 1
github.com/jeffotoni/gconcat/main.go:84.12,85.42 1 1
github.com/jeffotoni/gconcat/main.go:86.14,87.41 1 1
github.com/jeffotoni/gconcat/main.go:88.11,89.40 1 1
github.com/jeffotoni/gconcat/main.go:90.13,91.39 1 1
github.com/jeffotoni/gconcat/main.go:92.17,93.35 1 1
github.com/jeffotoni/gconcat/main.go:94.18,95.36 1 1
github.com/jeffotoni/gconcat/main.go:96.10,97.26 1 1
github.com/jeffotoni/gconcat/main.go:80.43,82.4 1 1
github.com/jeffotoni/gconcat/main.go:104.49,105.20 1 1
github.com/jeffotoni/gconcat/main.go:125.2,125.8 1 1
github.com/jeffotoni/gconcat/main.go:106.12,107.41 1 1
github.com/jeffotoni/gconcat/main.go:108.14,109.41 1 1
github.com/jeffotoni/gconcat/main.go:110.13,111.55 1 1
github.com/jeffotoni/gconcat/main.go:112.15,113.43 1 1
github.com/jeffotoni/gconcat/main.go:114.13,115.42 1 1
github.com/jeffotoni/gconcat/main.go:116.15,117.43 1 1
github.com/jeffotoni/gconcat/main.go:118.14,119.56 1 1
github.com/jeffotoni/gconcat/main.go:120.16,121.45 1 1
github.com/jeffotoni/gconcat/main.go:122.10,123.26 1 1
github.com/jeffotoni/gconcat/main.go:130.49,131.20 1 1
github.com/jeffotoni/gconcat/main.go:151.2,151.8 1 1
github.com/jeffotoni/gconcat/main.go:132.13,133.53 1 1
github.com/jeffotoni/gconcat/main.go:134.14,135.56 1 1
github.com/jeffotoni/gconcat/main.go:136.15,137.43 1 1
github.com/jeffotoni/gconcat/main.go:138.16,139.45 1 1
github.com/jeffotoni/gconcat/main.go:140.13,141.53 1 1
github.com/jeffotoni/gconcat/main.go:142.14,143.56 1 1
github.com/jeffotoni/gconcat/main.go:144.15,145.43 1 1
github.com/jeffotoni/gconcat/main.go:146.16,147.45 1 1
github.com/jeffotoni/gconcat/main.go:148.10,149.26 1 1
github.com/jeffotoni/gconcat/main.go:156.49,157.20 1 1
github.com/jeffotoni/gconcat/main.go:173.2,173.8 1 1
github.com/jeffotoni/gconcat/main.go:158.15,159.58 1 1
github.com/jeffotoni/gconcat/main.go:160.17,161.47 1 1
github.com/jeffotoni/gconcat/main.go:162.15,163.67 1 1
github.com/jeffotoni/gconcat/main.go:164.17,165.47 1 1
github.com/jeffotoni/gconcat/main.go:166.12,167.54 1 1
github.com/jeffotoni/gconcat/main.go:168.14,169.41 1 1
github.com/jeffotoni/gconcat/main.go:170.10,171.45 1 1
github.com/jeffotoni/gconcat/main.go:178.42,180.2 1 1
github.com/jeffotoni/gconcat/main.go:184.50,186.2 1 1
github.com/jeffotoni/gconcat/main.go:190.39,191.20 1 1
github.com/jeffotoni/gconcat/main.go:194.2,194.31 1 1
github.com/jeffotoni/gconcat/main.go:191.20,193.3 1 1
github.com/jeffotoni/gconcat/main.go:197.43,198.20 1 0
github.com/jeffotoni/gconcat/main.go:202.2,203.27 2 0
github.com/jeffotoni/gconcat/main.go:207.2,209.27 3 0
github.com/jeffotoni/gconcat/main.go:212.2,212.19 1 0
github.com/jeffotoni/gconcat/main.go:198.20,200.3 1 0
github.com/jeffotoni/gconcat/main.go:203.27,205.3 1 0
github.com/jeffotoni/gconcat/main.go:209.27,211.3 1 0
github.com/jeffotoni/gconcat/main.go:214.37,216.2 1 0
github.com/jeffotoni/gconcat/main.go:220.47,221.20 1 1
github.com/jeffotoni/gconcat/main.go:224.2,225.27 2 1
github.com/jeffotoni/gconcat/main.go:233.2,233.20 1 1
github.com/jeffotoni/gconcat/main.go:221.20,223.3 1 1
github.com/jeffotoni/gconcat/main.go:225.27,226.21 1 1
github.com/jeffotoni/gconcat/main.go:227.15,228.40 1 1
github.com/jeffotoni/gconcat/main.go:229.12,230.48 1 1
github.com/jeffotoni/gconcat/main.go:238.39,239.17 1 1
github.com/jeffotoni/gconcat/main.go:242.2,243.22 2 1
github.com/jeffotoni/gconcat/main.go:246.2,246.28 1 1
github.com/jeffotoni/gconcat/main.go:239.17,241.3 1 1
github.com/jeffotoni/gconcat/main.go:243.22,245.3 1 1
github.com/jeffotoni/gconcat/main.go:251.37,252.17 1 1
github.com/jeffotoni/gconcat/main.go:255.2,256.22 2 1
github.com/jeffotoni/gconcat/main.go:259.2,259.28 1 1
github.com/jeffotoni/gconcat/main.go:252.17,254.3 1 1
github.com/jeffotoni/gconcat/main.go:256.22,258.3 1 1
github.com/jeffotoni/gconcat/main.go:264.39,265.17 1 1
github.com/jeffotoni/gconcat/main.go:268.2,269.22 2 1
github.com/jeffotoni/gconcat/main.go:272.2,272.28 1 1
github.com/jeffotoni/gconcat/main.go:265.17,267.3 1 1
github.com/jeffotoni/gconcat/main.go:269.22,271.3 1 1
github.com/jeffotoni/gconcat/main.go:277.41,278.17 1 1
github.com/jeffotoni/gconcat/main.go:281.2,282.22 2 1
github.com/jeffotoni/gconcat/main.go:285.2,285.28 1 1
github.com/jeffotoni/gconcat/main.go:278.17,280.3 1 1
github.com/jeffotoni/gconcat/main.go:282.22,284.3 1 1
github.com/jeffotoni/gconcat/main.go:290.41,291.17 1 1
github.com/jeffotoni/gconcat/main.go:294.2,295.22 2 1
github.com/jeffotoni/gconcat/main.go:298.2,298.28 1 1
github.com/jeffotoni/gconcat/main.go:291.17,293.3 1 1
github.com/jeffotoni/gconcat/main.go:295.22,297.3 1 1
github.com/jeffotoni/gconcat/main.go:303.41,304.17 1 1
github.com/jeffotoni/gconcat/main.go:307.2,308.22 2 1
github.com/jeffotoni/gconcat/main.go:311.2,311.28 1 1
github.com/jeffotoni/gconcat/main.go:304.17,306.3 1 1
github.com/jeffotoni/gconcat/main.go:308.22,310.3 1 1
github.com/jeffotoni/gconcat/main.go:316.39,317.17 1 1
github.com/jeffotoni/gconcat/main.go:320.2,321.22 2 1
github.com/jeffotoni/gconcat/main.go:324.2,324.28 1 1
github.com/jeffotoni/gconcat/main.go:317.17,319.3 1 1
github.com/jeffotoni/gconcat/main.go:321.22,323.3 1 1
github.com/jeffotoni/gconcat/main.go:329.41,330.17 1 1
github.com/jeffotoni/gconcat/main.go:333.2,334.22 2 1
github.com/jeffotoni/gconcat/main.go:337.2,337.28 1 1
github.com/jeffotoni/gconcat/main.go:330.17,332.3 1 1
github.com/jeffotoni/gconcat/main.go:334.22,336.3 1 1
github.com/jeffotoni/gconcat/main.go:342.43,343.17 1 1
github.com/jeffotoni/gconcat/main.go:346.2,347.22 2 1
github.com/jeffotoni/gconcat/main.go:350.2,350.28 1 1
github.com/jeffotoni/gconcat/main.go:343.17,345.3 1 1
github.com/jeffotoni/gconcat/main.go:347.22,349.3 1 1
github.com/jeffotoni/gconcat/main.go:355.43,356.17 1 1
github.com/jeffotoni/gconcat/main.go:359.2,360.22 2 1
github.com/jeffotoni/gconcat/main.go:363.2,363.28 1 1
github.com/jeffotoni/gconcat/main.go:356.17,358.3 1 1
github.com/jeffotoni/gconcat/main.go:360.22,362.3 1 1
github.com/jeffotoni/gconcat/main.go:368.43,369.17 1 1
github.com/jeffotoni/gconcat/main.go:372.2,373.22 2 1
github.com/jeffotoni/gconcat/main.go:376.2,376.28 1 1
github.com/jeffotoni/gconcat/main.go:369.17,371.3 1 1
github.com/jeffotoni/gconcat/main.go:373.22,375.3 1 1
github.com/jeffotoni/gconcat/main.go:381.45,382.17 1 1
github.com/jeffotoni/gconcat/main.go:385.2,386.22 2 1
github.com/jeffotoni/gconcat/main.go:389.2,389.28 1 1
github.com/jeffotoni/gconcat/main.go:382.17,384.3 1 1
github.com/jeffotoni/gconcat/main.go:386.22,388.3 1 1
github.com/jeffotoni/gconcat/main.go:394.45,395.17 1 1
github.com/jeffotoni/gconcat/main.go:398.2,399.22 2 1
github.com/jeffotoni/gconcat/main.go:402.2,402.28 1 1
github.com/jeffotoni/gconcat/main.go:395.17,397.3 1 1
github.com/jeffotoni/gconcat/main.go:399.22,401.3 1 1
