mode: set
github.com/jeffotoni/gconcat/main.go:24.40,26.2 1 1
github.com/jeffotoni/gconcat/main.go:30.40,32.27 2 1
github.com/jeffotoni/gconcat/main.go:35.2,35.20 1 1
github.com/jeffotoni/gconcat/main.go:32.27,34.3 1 1
github.com/jeffotoni/gconcat/main.go:40.48,41.20 1 1
github.com/jeffotoni/gconcat/main.go:73.2,73.8 1 1
github.com/jeffotoni/gconcat/main.go:42.11,43.17 1 1
github.com/jeffotoni/gconcat/main.go:44.14,45.32 1 1
github.com/jeffotoni/gconcat/main.go:46.16,47.44 1 1
github.com/jeffotoni/gconcat/main.go:48.21,50.43 2 1
github.com/jeffotoni/gconcat/main.go:53.3,53.15 1 1
github.com/jeffotoni/gconcat/main.go:54.12,55.42 1 1
github.com/jeffotoni/gconcat/main.go:56.14,58.36 2 1
github.com/jeffotoni/gconcat/main.go:61.3,61.15 1 1
github.com/jeffotoni/gconcat/main.go:62.11,63.40 1 1
github.com/jeffotoni/gconcat/main.go:64.13,65.40 1 1
github.com/jeffotoni/gconcat/main.go:66.17,67.35 1 1
github.com/jeffotoni/gconcat/main.go:68.18,69.36 1 1
github.com/jeffotoni/gconcat/main.go:70.10,71.26 1 1
github.com/jeffotoni/gconcat/main.go:50.43,52.4 1 1
github.com/jeffotoni/gconcat/main.go:58.36,60.4 1 1
github.com/jeffotoni/gconcat/main.go:78.49,79.20 1 1
github.com/jeffotoni/gconcat/main.go:115.2,115.8 1 1
github.com/jeffotoni/gconcat/main.go:80.12,81.41 1 1
github.com/jeffotoni/gconcat/main.go:82.13,83.55 1 1
github.com/jeffotoni/gconcat/main.go:84.14,86.36 2 1
github.com/jeffotoni/gconcat/main.go:89.3,89.15 1 1
github.com/jeffotoni/gconcat/main.go:90.15,92.37 2 1
github.com/jeffotoni/gconcat/main.go:95.3,95.15 1 1
github.com/jeffotoni/gconcat/main.go:96.13,97.42 1 1
github.com/jeffotoni/gconcat/main.go:98.14,99.56 1 1
github.com/jeffotoni/gconcat/main.go:100.15,102.37 2 1
github.com/jeffotoni/gconcat/main.go:105.3,105.15 1 1
github.com/jeffotoni/gconcat/main.go:106.16,108.38 2 1
github.com/jeffotoni/gconcat/main.go:111.3,111.15 1 1
github.com/jeffotoni/gconcat/main.go:112.10,113.26 1 1
github.com/jeffotoni/gconcat/main.go:86.36,88.4 1 1
github.com/jeffotoni/gconcat/main.go:92.37,94.4 1 1
github.com/jeffotoni/gconcat/main.go:102.37,104.4 1 1
github.com/jeffotoni/gconcat/main.go:108.38,110.4 1 1
github.com/jeffotoni/gconcat/main.go:120.49,121.20 1 1
github.com/jeffotoni/gconcat/main.go:149.2,149.8 1 1
github.com/jeffotoni/gconcat/main.go:122.13,123.53 1 1
github.com/jeffotoni/gconcat/main.go:124.14,125.56 1 1
github.com/jeffotoni/gconcat/main.go:126.15,127.44 1 1
github.com/jeffotoni/gconcat/main.go:128.16,130.38 2 1
github.com/jeffotoni/gconcat/main.go:133.3,133.15 1 1
github.com/jeffotoni/gconcat/main.go:134.13,135.53 1 1
github.com/jeffotoni/gconcat/main.go:136.14,137.56 1 1
github.com/jeffotoni/gconcat/main.go:138.15,139.44 1 1
github.com/jeffotoni/gconcat/main.go:140.16,142.38 2 1
github.com/jeffotoni/gconcat/main.go:145.3,145.15 1 1
github.com/jeffotoni/gconcat/main.go:146.10,147.26 1 1
github.com/jeffotoni/gconcat/main.go:130.38,132.4 1 1
github.com/jeffotoni/gconcat/main.go:142.38,144.4 1 1
github.com/jeffotoni/gconcat/main.go:154.49,155.20 1 1
github.com/jeffotoni/gconcat/main.go:183.2,183.8 1 1
github.com/jeffotoni/gconcat/main.go:156.15,157.58 1 1
github.com/jeffotoni/gconcat/main.go:158.17,160.39 2 1
github.com/jeffotoni/gconcat/main.go:163.3,163.15 1 1
github.com/jeffotoni/gconcat/main.go:164.15,165.67 1 1
github.com/jeffotoni/gconcat/main.go:166.17,168.39 2 1
github.com/jeffotoni/gconcat/main.go:171.3,171.15 1 1
github.com/jeffotoni/gconcat/main.go:172.12,173.54 1 1
github.com/jeffotoni/gconcat/main.go:174.14,176.36 2 1
github.com/jeffotoni/gconcat/main.go:179.3,179.15 1 1
github.com/jeffotoni/gconcat/main.go:180.10,181.43 1 1
github.com/jeffotoni/gconcat/main.go:160.39,162.4 1 1
github.com/jeffotoni/gconcat/main.go:168.39,170.4 1 1
github.com/jeffotoni/gconcat/main.go:176.36,178.4 1 1
github.com/jeffotoni/gconcat/main.go:187.38,188.17 1 1
github.com/jeffotoni/gconcat/main.go:191.2,192.22 2 1
github.com/jeffotoni/gconcat/main.go:195.2,195.28 1 1
github.com/jeffotoni/gconcat/main.go:188.17,190.3 1 1
github.com/jeffotoni/gconcat/main.go:192.22,194.3 1 1
github.com/jeffotoni/gconcat/main.go:199.42,200.17 1 1
github.com/jeffotoni/gconcat/main.go:203.2,204.22 2 1
github.com/jeffotoni/gconcat/main.go:207.2,207.28 1 1
github.com/jeffotoni/gconcat/main.go:200.17,202.3 1 1
github.com/jeffotoni/gconcat/main.go:204.22,206.3 1 1
github.com/jeffotoni/gconcat/main.go:211.42,212.17 1 1
github.com/jeffotoni/gconcat/main.go:215.2,216.22 2 1
github.com/jeffotoni/gconcat/main.go:219.2,219.28 1 1
github.com/jeffotoni/gconcat/main.go:212.17,214.3 1 1
github.com/jeffotoni/gconcat/main.go:216.22,218.3 1 1
github.com/jeffotoni/gconcat/main.go:223.45,224.17 1 1
github.com/jeffotoni/gconcat/main.go:227.2,227.22 1 1
github.com/jeffotoni/gconcat/main.go:230.2,230.8 1 1
github.com/jeffotoni/gconcat/main.go:224.17,226.3 1 0
github.com/jeffotoni/gconcat/main.go:227.22,229.3 1 1
